mode: set
C:\Users\cguer\Golang-Challenge\cache.go:35.99,41.2 1 1
C:\Users\cguer\Golang-Challenge\cache.go:44.74,47.8 2 1
C:\Users\cguer\Golang-Challenge\cache.go:52.2,53.16 2 1
C:\Users\cguer\Golang-Challenge\cache.go:57.2,63.25 3 1
C:\Users\cguer\Golang-Challenge\cache.go:47.8,48.54 1 1
C:\Users\cguer\Golang-Challenge\cache.go:48.54,50.4 1 1
C:\Users\cguer\Golang-Challenge\cache.go:53.16,55.3 1 1
C:\Users\cguer\Golang-Challenge\cache.go:68.81,74.20 4 1
C:\Users\cguer\Golang-Challenge\cache.go:80.2,80.21 1 1
C:\Users\cguer\Golang-Challenge\cache.go:74.20,75.19 1 1
C:\Users\cguer\Golang-Challenge\cache.go:78.3,78.37 1 1
C:\Users\cguer\Golang-Challenge\cache.go:75.19,77.4 1 0
C:\Users\cguer\Golang-Challenge\cache.go:83.81,87.37 3 1
C:\Users\cguer\Golang-Challenge\cache.go:90.2,91.11 2 1
C:\Users\cguer\Golang-Challenge\cache.go:87.37,89.3 1 1
C:\Users\cguer\Golang-Challenge\cache.go:94.96,104.2 3 1
